<?xml version="1.0" encoding="UTF-8"?>
<!-- Generated by org.testng.reporters.JUnitReportReporter -->
<testsuite skipped="0" hostname="DESKTOP-N0IH52H" name="SpecBuilder" tests="1" failures="0" timestamp="2020-09-23T01:57:27 IST" time="1.865" errors="0">
  <testcase name="SpecBuilderAddPlaceMethodWithSeperateRequestAndResponse" time="1.865" classname="SpecBuilder"/>
  <system-out/>
</testsuite> <!-- SpecBuilder -->
