<?xml version="1.0" encoding="UTF-8"?>
<!-- Generated by org.testng.reporters.JUnitReportReporter -->
<testsuite skipped="0" hostname="DESKTOP-N0IH52H" name="parseJSON" tests="1" failures="0" timestamp="2020-09-11T13:33:59 IST" time="1.411" errors="0">
  <testcase name="parsingTheJSONFile" time="1.411" classname="parseJSON"/>
  <system-out/>
</testsuite> <!-- parseJSON -->
