<?xml version="1.0" encoding="UTF-8"?>
<!-- Generated by org.testng.reporters.JUnitReportReporter -->
<testsuite skipped="0" hostname="DESKTOP-N0IH52H" name="LibraryAPI" tests="1" failures="0" timestamp="2020-09-23T00:58:42 IST" time="2.375" errors="0">
  <testcase name="usePayloadThroughFile" time="2.375" classname="LibraryAPI"/>
  <system-out/>
</testsuite> <!-- LibraryAPI -->
